<?xml version="1.0" encoding="UTF-8"?>
<!-- Generated by org.testng.reporters.JUnitReportReporter -->
<testsuite hostname="DESKTOP-UOFH0HB" failures="0" tests="1" name="testCases.FileUploadDemo2" time="34.386" errors="0" timestamp="31 Aug 2022 20:03:20 GMT">
  <testcase classname="testCases.FileUploadDemo2" name="robotTest" time="34.386"/>
</testsuite> <!-- testCases.FileUploadDemo2 -->
